# JRE version: OpenJDK Runtime Environment (11.0.11+9) (build 11.0.11+9-b60-7590822)
# Java VM: OpenJDK 64-Bit Server VM (11.0.11+9-b60-7590822, mixed mode, tiered, compressed oops, g1 gc, windows-amd64)
Heap:
 garbage-first heap   total 330752K, used 207334K [0x0000000080000000, 0x0000000100000000)
  region size 1024K, 47 young (48128K), 5 survivors (5120K)
 Metaspace       used 164371K, capacity 170114K, committed 172712K, reserved 1200128K
  class space    used 20107K, capacity 22188K, committed 22776K, reserved 1048576K
GC Heap History (20 events):
Event: 15437.842 GC heap before
{Heap before GC invocations=365 (full 0):
 garbage-first heap   total 330752K, used 244249K [0x0000000080000000, 0x0000000100000000)
  region size 1024K, 85 young (87040K), 2 survivors (2048K)
 Metaspace       used 164332K, capacity 170189K, committed 172712K, reserved 1200128K
  class space    used 20134K, capacity 22241K, committed 22776K, reserved 1048576K
}
Event: 15437.856 GC heap after
{Heap after GC invocations=366 (full 0):
 garbage-first heap   total 330752K, used 163554K [0x0000000080000000, 0x0000000100000000)
  region size 1024K, 5 young (5120K), 5 survivors (5120K)
 Metaspace       used 164332K, capacity 170189K, committed 172712K, reserved 1200128K
  class space    used 20134K, capacity 22241K, committed 22776K, reserved 1048576K
}
Event: 15438.442 GC heap before
{Heap before GC invocations=367 (full 0):
 garbage-first heap   total 330752K, used 257762K [0x0000000080000000, 0x0000000100000000)
  region size 1024K, 92 young (94208K), 5 survivors (5120K)
 Metaspace       used 164348K, capacity 170192K, committed 172712K, reserved 1200128K
  class space    used 20134K, capacity 22241K, committed 22776K, reserved 1048576K
}
Event: 15438.447 GC heap after
{Heap after GC invocations=368 (full 0):
 garbage-first heap   total 330752K, used 165917K [0x0000000080000000, 0x0000000100000000)
  region size 1024K, 5 young (5120K), 5 survivors (5120K)
 Metaspace       used 164348K, capacity 170192K, committed 172712K, reserved 1200128K
  class space    used 20134K, capacity 22241K, committed 22776K, reserved 1048576K
}
Event: 15438.451 GC heap before
{Heap before GC invocations=368 (full 0):
 garbage-first heap   total 330752K, used 177181K [0x0000000080000000, 0x0000000100000000)
  region size 1024K, 16 young (16384K), 5 survivors (5120K)
 Metaspace       used 164349K, capacity 170192K, committed 172712K, reserved 1200128K
  class space    used 20134K, capacity 22241K, committed 22776K, reserved 1048576K
}
Event: 15438.458 GC heap after
{Heap after GC invocations=369 (full 0):
 garbage-first heap   total 330752K, used 165973K [0x0000000080000000, 0x0000000100000000)
  region size 1024K, 2 young (2048K), 2 survivors (2048K)
 Metaspace       used 164349K, capacity 170192K, committed 172712K, reserved 1200128K
  class space    used 20134K, capacity 22241K, committed 22776K, reserved 1048576K
}
Event: 15438.531 GC heap before
{Heap before GC invocations=369 (full 0):
 garbage-first heap   total 330752K, used 228437K [0x0000000080000000, 0x0000000100000000)
  region size 1024K, 65 young (66560K), 2 survivors (2048K)
 Metaspace       used 164370K, capacity 170192K, committed 172712K, reserved 1200128K
  class space    used 20134K, capacity 22241K, committed 22776K, reserved 1048576K
}
Event: 15438.537 GC heap after
{Heap after GC invocations=370 (full 0):
 garbage-first heap   total 330752K, used 170790K [0x0000000080000000, 0x0000000100000000)
  region size 1024K, 7 young (7168K), 7 survivors (7168K)
 Metaspace       used 164370K, capacity 170192K, committed 172712K, reserved 1200128K
  class space    used 20134K, capacity 22241K, committed 22776K, reserved 1048576K
}
Event: 15578.429 GC heap before
{Heap before GC invocations=371 (full 0):
 garbage-first heap   total 330752K, used 293670K [0x0000000080000000, 0x0000000100000000)
  region size 1024K, 87 young (89088K), 7 survivors (7168K)
 Metaspace       used 164387K, capacity 170194K, committed 172712K, reserved 1200128K
  class space    used 20134K, capacity 22241K, committed 22776K, reserved 1048576K
}
Event: 15578.435 GC heap after
{Heap after GC invocations=372 (full 0):
 garbage-first heap   total 330752K, used 171214K [0x0000000080000000, 0x0000000100000000)
  region size 1024K, 6 young (6144K), 6 survivors (6144K)
 Metaspace       used 164387K, capacity 170194K, committed 172712K, reserved 1200128K
  class space    used 20134K, capacity 22241K, committed 22776K, reserved 1048576K
}
Event: 15578.463 GC heap before
{Heap before GC invocations=372 (full 0):
 garbage-first heap   total 330752K, used 181454K [0x0000000080000000, 0x0000000100000000)
  region size 1024K, 16 young (16384K), 6 survivors (6144K)
 Metaspace       used 164420K, capacity 170259K, committed 172712K, reserved 1200128K
  class space    used 20134K, capacity 22241K, committed 22776K, reserved 1048576K
}
Event: 15578.468 GC heap after
{Heap after GC invocations=373 (full 0):
 garbage-first heap   total 330752K, used 172043K [0x0000000080000000, 0x0000000100000000)
  region size 1024K, 2 young (2048K), 2 survivors (2048K)
 Metaspace       used 164420K, capacity 170259K, committed 172712K, reserved 1200128K
  class space    used 20134K, capacity 22241K, committed 22776K, reserved 1048576K
}
Event: 15578.572 GC heap before
{Heap before GC invocations=373 (full 0):
 garbage-first heap   total 330752K, used 201739K [0x0000000080000000, 0x0000000100000000)
  region size 1024K, 32 young (32768K), 2 survivors (2048K)
 Metaspace       used 164434K, capacity 170259K, committed 172712K, reserved 1200128K
  class space    used 20135K, capacity 22241K, committed 22776K, reserved 1048576K
}
Event: 15578.584 GC heap after
{Heap after GC invocations=374 (full 0):
 garbage-first heap   total 330752K, used 175665K [0x0000000080000000, 0x0000000100000000)
  region size 1024K, 6 young (6144K), 6 survivors (6144K)
 Metaspace       used 164434K, capacity 170259K, committed 172712K, reserved 1200128K
  class space    used 20135K, capacity 22241K, committed 22776K, reserved 1048576K
}
Event: 15578.861 GC heap before
{Heap before GC invocations=375 (full 0):
 garbage-first heap   total 330752K, used 263729K [0x0000000080000000, 0x0000000100000000)
  region size 1024K, 78 young (79872K), 6 survivors (6144K)
 Metaspace       used 164359K, capacity 170113K, committed 172712K, reserved 1200128K
  class space    used 20107K, capacity 22188K, committed 22776K, reserved 1048576K
}
Event: 15578.866 GC heap after
{Heap after GC invocations=376 (full 0):
 garbage-first heap   total 330752K, used 177797K [0x0000000080000000, 0x0000000100000000)
  region size 1024K, 9 young (9216K), 9 survivors (9216K)
 Metaspace       used 164359K, capacity 170113K, committed 172712K, reserved 1200128K
  class space    used 20107K, capacity 22188K, committed 22776K, reserved 1048576K
}
Event: 15578.878 GC heap before
{Heap before GC invocations=376 (full 0):
 garbage-first heap   total 330752K, used 183941K [0x0000000080000000, 0x0000000100000000)
  region size 1024K, 16 young (16384K), 9 survivors (9216K)
 Metaspace       used 164360K, capacity 170113K, committed 172712K, reserved 1200128K
  class space    used 20107K, capacity 22188K, committed 22776K, reserved 1048576K
}
Event: 15578.893 GC heap after
{Heap after GC invocations=377 (full 0):
 garbage-first heap   total 330752K, used 160479K [0x0000000080000000, 0x0000000100000000)
  region size 1024K, 2 young (2048K), 2 survivors (2048K)
 Metaspace       used 164360K, capacity 170113K, committed 172712K, reserved 1200128K
  class space    used 20107K, capacity 22188K, committed 22776K, reserved 1048576K
}
Event: 15581.450 GC heap before
{Heap before GC invocations=377 (full 0):
 garbage-first heap   total 330752K, used 245471K [0x0000000080000000, 0x0000000100000000)
  region size 1024K, 86 young (88064K), 2 survivors (2048K)
 Metaspace       used 164370K, capacity 170114K, committed 172712K, reserved 1200128K
  class space    used 20107K, capacity 22188K, committed 22776K, reserved 1048576K
}
Event: 15581.459 GC heap after
{Heap after GC invocations=378 (full 0):
 garbage-first heap   total 330752K, used 163302K [0x0000000080000000, 0x0000000100000000)
  region size 1024K, 5 young (5120K), 5 survivors (5120K)
 Metaspace       used 164370K, capacity 170114K, committed 172712K, reserved 1200128K
  class space    used 20107K, capacity 22188K, committed 22776K, reserved 1048576K
}

